[0m10:20:00.115090 [debug] [MainThread]: Sending event: {'category': 'dbt', 'action': 'invocation', 'label': 'start', 'context': [<snowplow_tracker.self_describing_json.SelfDescribingJson object at 0x0000024642F47470>, <snowplow_tracker.self_describing_json.SelfDescribingJson object at 0x0000024643088BF0>, <snowplow_tracker.self_describing_json.SelfDescribingJson object at 0x0000024642C68680>]}


============================== 10:20:00.130745 | 460a9b2b-e6de-48c0-a58d-c50fd04534ed ==============================
[0m10:20:00.130745 [info ] [MainThread]: Running with dbt=1.8.6
[0m10:20:00.130745 [debug] [MainThread]: running dbt with arguments {'printer_width': '80', 'indirect_selection': 'eager', 'write_json': 'True', 'log_cache_events': 'False', 'partial_parse': 'True', 'cache_selected_only': 'False', 'warn_error': 'None', 'fail_fast': 'False', 'version_check': 'True', 'log_path': 'logs', 'profiles_dir': 'C:\\Users\\user\\.dbt', 'debug': 'False', 'use_colors': 'True', 'use_experimental_parser': 'False', 'empty': 'None', 'quiet': 'False', 'no_print': 'None', 'log_format': 'default', 'invocation_command': 'dbt deps', 'warn_error_options': 'WarnErrorOptions(include=[], exclude=[])', 'introspect': 'True', 'target_path': 'None', 'static_parser': 'True', 'send_anonymous_usage_stats': 'True'}
[0m10:20:00.130745 [error] [MainThread]: Encountered an error:
Runtime Error
  No dbt_project.yml found at expected path C:\Users\user\OneDrive - Sails Software Solutions Pvt Ltd\Desktop\Project_buybox_21\buybox_dbt_snowflake\dbt_project.yml
  Verify that each entry within packages.yml (and their transitive dependencies) contains a file named dbt_project.yml
  
[0m10:20:00.130745 [debug] [MainThread]: Command `dbt deps` failed at 10:20:00.130745 after 0.14 seconds
[0m10:20:00.130745 [debug] [MainThread]: Sending event: {'category': 'dbt', 'action': 'invocation', 'label': 'end', 'context': [<snowplow_tracker.self_describing_json.SelfDescribingJson object at 0x0000024642726150>, <snowplow_tracker.self_describing_json.SelfDescribingJson object at 0x0000024642C68680>, <snowplow_tracker.self_describing_json.SelfDescribingJson object at 0x00000246431EF5F0>]}
[0m10:20:00.130745 [debug] [MainThread]: Flushing usage events
[0m19:04:21.347091 [debug] [MainThread]: Sending event: {'category': 'dbt', 'action': 'invocation', 'label': 'start', 'context': [<snowplow_tracker.self_describing_json.SelfDescribingJson object at 0x000001EC85681DC0>, <snowplow_tracker.self_describing_json.SelfDescribingJson object at 0x000001EC88649E80>, <snowplow_tracker.self_describing_json.SelfDescribingJson object at 0x000001EC88649DC0>]}


============================== 19:04:21.351183 | aea7a299-6fdf-404e-9443-39c74c0fc3df ==============================
[0m19:04:21.351183 [info ] [MainThread]: Running with dbt=1.8.6
[0m19:04:21.351582 [debug] [MainThread]: running dbt with arguments {'printer_width': '80', 'indirect_selection': 'eager', 'log_cache_events': 'False', 'write_json': 'True', 'partial_parse': 'True', 'cache_selected_only': 'False', 'warn_error': 'None', 'version_check': 'True', 'debug': 'False', 'log_path': 'logs', 'fail_fast': 'False', 'profiles_dir': 'C:\\Users\\SAILS-DM204\\.dbt', 'use_colors': 'True', 'use_experimental_parser': 'False', 'no_print': 'None', 'quiet': 'False', 'empty': 'None', 'warn_error_options': 'WarnErrorOptions(include=[], exclude=[])', 'introspect': 'True', 'log_format': 'default', 'static_parser': 'True', 'target_path': 'None', 'invocation_command': 'dbt debug', 'send_anonymous_usage_stats': 'True'}
[0m19:04:21.368272 [info ] [MainThread]: dbt version: 1.8.6
[0m19:04:21.369221 [info ] [MainThread]: python version: 3.12.6
[0m19:04:21.369221 [info ] [MainThread]: python path: C:\Users\SAILS-DM204\AppData\Local\Programs\Python\Python312\python.exe
[0m19:04:21.370262 [info ] [MainThread]: os info: Windows-11-10.0.22631-SP0
[0m19:04:23.002773 [info ] [MainThread]: Using profiles dir at C:\Users\SAILS-DM204\.dbt
[0m19:04:23.003773 [info ] [MainThread]: Using profiles.yml file at C:\Users\SAILS-DM204\.dbt\profiles.yml
[0m19:04:23.003773 [info ] [MainThread]: Using dbt_project.yml file at C:\Users\SAILS-DM204\OneDrive - Sails Software Solutions Pvt Ltd\Desktop\Dummy Folder\dbt-snowflake-cosmos\buybox_dbt_snowflake\dbt_project.yml
[0m19:04:23.005308 [error] [MainThread]: Encountered an error:
Internal Error
  Profile should not be None if loading profile completed
[0m19:04:23.006315 [debug] [MainThread]: Command `dbt debug` failed at 19:04:23.006315 after 1.86 seconds
[0m19:04:23.007314 [debug] [MainThread]: Sending event: {'category': 'dbt', 'action': 'invocation', 'label': 'end', 'context': [<snowplow_tracker.self_describing_json.SelfDescribingJson object at 0x000001EC85681DC0>, <snowplow_tracker.self_describing_json.SelfDescribingJson object at 0x000001EC9C8D3FE0>, <snowplow_tracker.self_describing_json.SelfDescribingJson object at 0x000001EC9C8D3FB0>]}
[0m19:04:23.007314 [debug] [MainThread]: Flushing usage events
[0m19:04:52.094129 [debug] [MainThread]: Sending event: {'category': 'dbt', 'action': 'invocation', 'label': 'start', 'context': [<snowplow_tracker.self_describing_json.SelfDescribingJson object at 0x000002573F633A70>, <snowplow_tracker.self_describing_json.SelfDescribingJson object at 0x000002573FBC2AE0>, <snowplow_tracker.self_describing_json.SelfDescribingJson object at 0x000002573F633C50>]}


============================== 19:04:52.094129 | 8b17c69b-7ccd-45d7-926e-5616eb328462 ==============================
[0m19:04:52.094129 [info ] [MainThread]: Running with dbt=1.8.6
[0m19:04:52.100162 [debug] [MainThread]: running dbt with arguments {'printer_width': '80', 'indirect_selection': 'eager', 'log_cache_events': 'False', 'write_json': 'True', 'partial_parse': 'True', 'cache_selected_only': 'False', 'warn_error': 'None', 'debug': 'False', 'profiles_dir': 'C:\\Users\\SAILS-DM204\\.dbt', 'log_path': 'logs', 'fail_fast': 'False', 'version_check': 'True', 'use_colors': 'True', 'use_experimental_parser': 'False', 'no_print': 'None', 'quiet': 'False', 'empty': 'None', 'log_format': 'default', 'static_parser': 'True', 'warn_error_options': 'WarnErrorOptions(include=[], exclude=[])', 'introspect': 'True', 'target_path': 'None', 'invocation_command': 'dbt debug', 'send_anonymous_usage_stats': 'True'}
[0m19:04:52.118093 [info ] [MainThread]: dbt version: 1.8.6
[0m19:04:52.119093 [info ] [MainThread]: python version: 3.12.6
[0m19:04:52.120096 [info ] [MainThread]: python path: C:\Users\SAILS-DM204\AppData\Local\Programs\Python\Python312\python.exe
[0m19:04:52.121094 [info ] [MainThread]: os info: Windows-11-10.0.22631-SP0
[0m19:04:54.189659 [info ] [MainThread]: Using profiles dir at C:\Users\SAILS-DM204\.dbt
[0m19:04:54.190705 [info ] [MainThread]: Using profiles.yml file at C:\Users\SAILS-DM204\.dbt\profiles.yml
[0m19:04:54.191218 [info ] [MainThread]: Using dbt_project.yml file at C:\Users\SAILS-DM204\OneDrive - Sails Software Solutions Pvt Ltd\Desktop\Dummy Folder\dbt-snowflake-cosmos\buybox_dbt_snowflake\dbt_project.yml
[0m19:04:54.192270 [error] [MainThread]: Encountered an error:
Internal Error
  Profile should not be None if loading profile completed
[0m19:04:54.193850 [debug] [MainThread]: Command `dbt debug` failed at 19:04:54.193850 after 2.33 seconds
[0m19:04:54.194372 [debug] [MainThread]: Sending event: {'category': 'dbt', 'action': 'invocation', 'label': 'end', 'context': [<snowplow_tracker.self_describing_json.SelfDescribingJson object at 0x000002573FBC2AE0>, <snowplow_tracker.self_describing_json.SelfDescribingJson object at 0x00000257508AA570>, <snowplow_tracker.self_describing_json.SelfDescribingJson object at 0x0000025754081D60>]}
[0m19:04:54.194895 [debug] [MainThread]: Flushing usage events
[0m19:05:54.411160 [debug] [MainThread]: Sending event: {'category': 'dbt', 'action': 'invocation', 'label': 'start', 'context': [<snowplow_tracker.self_describing_json.SelfDescribingJson object at 0x000002C6C2FB2900>, <snowplow_tracker.self_describing_json.SelfDescribingJson object at 0x000002C6C2DB39E0>, <snowplow_tracker.self_describing_json.SelfDescribingJson object at 0x000002C6C556A180>]}


============================== 19:05:54.422073 | beb92f2c-8cdf-44ae-a61c-50b83057d4e5 ==============================
[0m19:05:54.422073 [info ] [MainThread]: Running with dbt=1.8.6
[0m19:05:54.422423 [debug] [MainThread]: running dbt with arguments {'printer_width': '80', 'indirect_selection': 'eager', 'write_json': 'True', 'log_cache_events': 'False', 'partial_parse': 'True', 'cache_selected_only': 'False', 'profiles_dir': 'C:\\Users\\SAILS-DM204\\.dbt', 'fail_fast': 'False', 'warn_error': 'None', 'log_path': 'logs', 'version_check': 'True', 'debug': 'False', 'use_colors': 'True', 'use_experimental_parser': 'False', 'no_print': 'None', 'quiet': 'False', 'empty': 'None', 'log_format': 'default', 'invocation_command': 'dbt debug', 'static_parser': 'True', 'introspect': 'True', 'target_path': 'None', 'warn_error_options': 'WarnErrorOptions(include=[], exclude=[])', 'send_anonymous_usage_stats': 'True'}
[0m19:05:54.433929 [info ] [MainThread]: dbt version: 1.8.6
[0m19:05:54.435842 [info ] [MainThread]: python version: 3.12.6
[0m19:05:54.435842 [info ] [MainThread]: python path: C:\Users\SAILS-DM204\AppData\Local\Programs\Python\Python312\python.exe
[0m19:05:54.436846 [info ] [MainThread]: os info: Windows-11-10.0.22631-SP0
[0m19:05:55.891218 [info ] [MainThread]: Using profiles dir at C:\Users\SAILS-DM204\.dbt
[0m19:05:55.891218 [info ] [MainThread]: Using profiles.yml file at C:\Users\SAILS-DM204\.dbt\profiles.yml
[0m19:05:55.893770 [info ] [MainThread]: Using dbt_project.yml file at C:\Users\SAILS-DM204\OneDrive - Sails Software Solutions Pvt Ltd\Desktop\Dummy Folder\dbt-snowflake-cosmos\buybox_dbt_snowflake\dbt_project.yml
[0m19:05:55.893770 [error] [MainThread]: Encountered an error:
Internal Error
  Profile should not be None if loading profile completed
[0m19:05:55.893770 [debug] [MainThread]: Command `dbt debug` failed at 19:05:55.893770 after 1.62 seconds
[0m19:05:55.893770 [debug] [MainThread]: Sending event: {'category': 'dbt', 'action': 'invocation', 'label': 'end', 'context': [<snowplow_tracker.self_describing_json.SelfDescribingJson object at 0x000002C6C2FB2900>, <snowplow_tracker.self_describing_json.SelfDescribingJson object at 0x000002C6C652CB90>, <snowplow_tracker.self_describing_json.SelfDescribingJson object at 0x000002C6D5D45250>]}
[0m19:05:55.893770 [debug] [MainThread]: Flushing usage events
